2019-05-28 09:02:30,473 [Worker-4: Loading available Gradle versions] INFO  o.e.b.c.i.u.g.PublishedGradleVersions - Gradle version information cache is up-to-date. Trying to read.
2019-05-28 09:15:30,438 [Worker-3: Loading available Gradle versions] INFO  o.e.b.c.i.u.g.PublishedGradleVersions - Gradle version information cache is up-to-date. Trying to read.
2019-05-28 10:27:50,050 [Worker-0: Loading available Gradle versions] INFO  o.e.b.c.i.u.g.PublishedGradleVersions - Gradle version information cache is up-to-date. Trying to read.
2020-07-26 13:25:48,148 [Worker-5: Loading available Gradle versions] INFO  o.e.b.c.i.u.g.PublishedGradleVersions - Gradle version information cache is up-to-date. Trying to read.
2020-07-26 14:09:43,987 [Worker-3: Loading available Gradle versions] INFO  o.e.b.c.i.u.g.PublishedGradleVersions - Gradle version information cache is up-to-date. Trying to read.
2020-08-05 13:36:58,800 [Worker-2: Loading available Gradle versions] INFO  o.e.b.c.i.u.g.PublishedGradleVersions - Gradle version information cache is up-to-date. Trying to read.
2020-08-28 10:43:58,794 [Worker-0: Loading available Gradle versions] INFO  o.e.b.c.i.u.g.PublishedGradleVersions - Gradle version information cache is up-to-date. Trying to read.
2020-08-28 11:08:16,603 [Worker-8: Creating project "m154-crm-maven-web"] INFO  o.e.m.c.i.l.LifecycleMappingFactory - Using org.eclipse.m2e.jdt.JarLifecycleMapping lifecycle mapping for MavenProject: kompetenznachweis:m154-crm-maven-web:0.0.1-SNAPSHOT @ C:\Users\Matus\Desktop\Kompetenznachweis\workspace_M154_knw\m154-crm-maven-web\pom.xml.
2020-08-28 11:08:17,693 [Worker-8: Creating project "m154-crm-maven-web"] INFO  o.e.m.j.i.AbstractJavaProjectConfigurator - Adding source folder /m154-crm-maven-web/src/main/java
2020-08-28 11:08:17,695 [Worker-8: Creating project "m154-crm-maven-web"] INFO  o.e.m.j.i.AbstractJavaProjectConfigurator - Adding resource folder /m154-crm-maven-web/src/main/resources
2020-08-28 11:08:17,696 [Worker-8: Creating project "m154-crm-maven-web"] INFO  o.e.m.j.i.AbstractJavaProjectConfigurator - Adding source folder /m154-crm-maven-web/src/test/java
2020-08-28 11:08:17,696 [Worker-8: Creating project "m154-crm-maven-web"] INFO  o.e.m.j.i.AbstractJavaProjectConfigurator - Adding resource folder /m154-crm-maven-web/src/test/resources
2020-08-28 11:08:18,675 [Worker-16: Building] WARN  o.e.m.c.i.embedder.EclipseLogger - Using platform encoding (Cp1252 actually) to copy filtered resources, i.e. build is platform dependent!
2020-08-28 11:08:18,710 [Worker-16: Building] INFO  o.e.m.c.i.embedder.EclipseLogger - Copying 0 resource
2020-08-28 11:08:18,714 [Worker-16: Building] WARN  o.e.m.c.i.embedder.EclipseLogger - Using platform encoding (Cp1252 actually) to copy filtered resources, i.e. build is platform dependent!
2020-08-28 11:08:18,734 [Worker-16: Building] INFO  o.e.m.c.i.embedder.EclipseLogger - Copying 0 resource
2020-08-28 11:12:25,926 [Worker-17: Building Workspace] INFO  o.e.m.c.i.l.LifecycleMappingFactory - Using org.eclipse.m2e.jdt.JarLifecycleMapping lifecycle mapping for MavenProject: kompetenznachweis:m154-crm-maven-web:0.0.1-SNAPSHOT @ C:\Users\Matus\Desktop\Kompetenznachweis\workspace_M154_knw\m154-crm-maven-web\pom.xml.
2020-08-28 11:12:26,388 [Worker-17: Building Workspace] INFO  o.e.m.c.i.embedder.EclipseLogger - Using 'UTF-8' encoding to copy filtered resources.
2020-08-28 11:12:26,392 [Worker-17: Building Workspace] INFO  o.e.m.c.i.embedder.EclipseLogger - Copying 0 resource
2020-08-28 11:12:26,397 [Worker-17: Building Workspace] INFO  o.e.m.c.i.embedder.EclipseLogger - Using 'UTF-8' encoding to copy filtered resources.
2020-08-28 11:12:26,398 [Worker-17: Building Workspace] INFO  o.e.m.c.i.embedder.EclipseLogger - Copying 0 resource
2020-08-28 11:12:27,246 [Worker-18: Building] INFO  o.e.m.c.i.embedder.EclipseLogger - Using 'UTF-8' encoding to copy filtered resources.
2020-08-28 11:12:27,248 [Worker-18: Building] INFO  o.e.m.c.i.embedder.EclipseLogger - Copying 0 resource
2020-08-28 11:12:27,251 [Worker-18: Building] INFO  o.e.m.c.i.embedder.EclipseLogger - Using 'UTF-8' encoding to copy filtered resources.
2020-08-28 11:12:27,253 [Worker-18: Building] INFO  o.e.m.c.i.embedder.EclipseLogger - Copying 0 resource
2020-08-28 11:15:51,972 [Worker-17: Updating Maven Project] INFO  o.e.m.c.i.p.ProjectConfigurationManager - Update started
2020-08-28 11:15:52,725 [Worker-17: Updating Maven Project] INFO  o.e.m.c.i.l.LifecycleMappingFactory - Using org.eclipse.m2e.jdt.JarLifecycleMapping lifecycle mapping for MavenProject: kompetenznachweis:m154-crm-maven-web:0.0.1-SNAPSHOT @ C:\Users\Matus\Desktop\Kompetenznachweis\workspace_M154_knw\m154-crm-maven-web\pom.xml.
2020-08-28 11:15:53,067 [Worker-17: Updating Maven Project] INFO  o.e.m.j.i.AbstractJavaProjectConfigurator - Adding source folder /m154-crm-maven-web/src/main/java
2020-08-28 11:15:53,068 [Worker-17: Updating Maven Project] INFO  o.e.m.j.i.AbstractJavaProjectConfigurator - Adding resource folder /m154-crm-maven-web/src/main/resources
2020-08-28 11:15:53,108 [Worker-17: Updating Maven Project] INFO  o.e.m.j.i.AbstractJavaProjectConfigurator - Adding source folder /m154-crm-maven-web/src/test/java
2020-08-28 11:15:53,109 [Worker-17: Updating Maven Project] INFO  o.e.m.j.i.AbstractJavaProjectConfigurator - Adding resource folder /m154-crm-maven-web/src/test/resources
2020-08-28 11:15:53,515 [Worker-17: Updating Maven Project] INFO  o.e.m.c.i.p.ProjectConfigurationManager - Update completed: 1 sec
2020-08-28 11:15:54,146 [Worker-8: Building] INFO  o.e.m.c.i.embedder.EclipseLogger - Using 'UTF-8' encoding to copy filtered resources.
2020-08-28 11:15:54,147 [Worker-8: Building] INFO  o.e.m.c.i.embedder.EclipseLogger - Copying 0 resource
2020-08-28 11:15:54,159 [Worker-8: Building] INFO  o.e.m.c.i.embedder.EclipseLogger - Using 'UTF-8' encoding to copy filtered resources.
2020-08-28 11:15:54,160 [Worker-8: Building] INFO  o.e.m.c.i.embedder.EclipseLogger - Copying 0 resource
2020-08-28 11:16:38,768 [Worker-21: Updating Maven Project] INFO  o.e.m.c.i.p.ProjectConfigurationManager - Update started
2020-08-28 11:16:39,331 [Worker-21: Updating Maven Project] INFO  o.e.m.c.i.l.LifecycleMappingFactory - Using org.eclipse.m2e.jdt.JarLifecycleMapping lifecycle mapping for MavenProject: kompetenznachweis:m154-crm-maven-web:0.0.1-SNAPSHOT @ C:\Users\Matus\Desktop\Kompetenznachweis\workspace_M154_knw\m154-crm-maven-web\pom.xml.
2020-08-28 11:16:39,586 [Worker-21: Updating Maven Project] INFO  o.e.m.j.i.AbstractJavaProjectConfigurator - Adding source folder /m154-crm-maven-web/src/main/java
2020-08-28 11:16:39,586 [Worker-21: Updating Maven Project] INFO  o.e.m.j.i.AbstractJavaProjectConfigurator - Adding resource folder /m154-crm-maven-web/src/main/resources
2020-08-28 11:16:39,587 [Worker-21: Updating Maven Project] INFO  o.e.m.j.i.AbstractJavaProjectConfigurator - Adding source folder /m154-crm-maven-web/src/test/java
2020-08-28 11:16:39,588 [Worker-21: Updating Maven Project] INFO  o.e.m.j.i.AbstractJavaProjectConfigurator - Adding resource folder /m154-crm-maven-web/src/test/resources
2020-08-28 11:16:39,739 [Worker-21: Updating Maven Project] INFO  o.e.m.c.i.p.ProjectConfigurationManager - Update completed: 0 sec
2020-08-28 11:16:40,041 [Worker-17: Building] INFO  o.e.m.c.i.embedder.EclipseLogger - Using 'UTF-8' encoding to copy filtered resources.
2020-08-28 11:16:40,042 [Worker-17: Building] INFO  o.e.m.c.i.embedder.EclipseLogger - Copying 0 resource
2020-08-28 11:16:40,046 [Worker-17: Building] INFO  o.e.m.c.i.embedder.EclipseLogger - Using 'UTF-8' encoding to copy filtered resources.
2020-08-28 11:16:40,047 [Worker-17: Building] INFO  o.e.m.c.i.embedder.EclipseLogger - Copying 0 resource
2020-08-28 11:16:47,699 [Worker-17: Launching Executing clean in C__Users_Matus_Desktop_Kompetenznachweis_workspace_M154_knw_m154-crm-maven-web] INFO  o.e.m.i.launch.MavenLaunchDelegate - C:\Users\Matus\Desktop\Kompetenznachweis\workspace_M154_knw\m154-crm-maven-web
2020-08-28 11:16:47,701 [Worker-17: Launching Executing clean in C__Users_Matus_Desktop_Kompetenznachweis_workspace_M154_knw_m154-crm-maven-web] INFO  o.e.m.i.launch.MavenLaunchDelegate -  mvn -B clean
2020-08-28 11:16:50,910 [Worker-21: Building] INFO  o.e.m.c.i.embedder.EclipseLogger - Using 'UTF-8' encoding to copy filtered resources.
2020-08-28 11:16:50,916 [Worker-21: Building] INFO  o.e.m.c.i.embedder.EclipseLogger - Copying 0 resource
2020-08-28 11:16:50,922 [Worker-21: Building] INFO  o.e.m.c.i.embedder.EclipseLogger - Using 'UTF-8' encoding to copy filtered resources.
2020-08-28 11:16:50,925 [Worker-21: Building] INFO  o.e.m.c.i.embedder.EclipseLogger - Copying 0 resource
2020-08-28 11:17:02,824 [main] INFO  o.e.m2e.actions.ExecutePomAction - Creating new launch configuration
2020-08-28 11:17:09,740 [Worker-22: Launching Executing install in C__Users_Matus_Desktop_Kompetenznachweis_workspace_M154_knw_m154-crm-maven-web] INFO  o.e.m.i.launch.MavenLaunchDelegate - C:\Users\Matus\Desktop\Kompetenznachweis\workspace_M154_knw\m154-crm-maven-web
2020-08-28 11:17:09,741 [Worker-22: Launching Executing install in C__Users_Matus_Desktop_Kompetenznachweis_workspace_M154_knw_m154-crm-maven-web] INFO  o.e.m.i.launch.MavenLaunchDelegate -  mvn -B install
2020-08-28 11:17:15,444 [Worker-16: Building] INFO  o.e.m.c.i.embedder.EclipseLogger - Using 'UTF-8' encoding to copy filtered resources.
2020-08-28 11:17:15,445 [Worker-16: Building] INFO  o.e.m.c.i.embedder.EclipseLogger - Copying 0 resource
2020-08-28 11:17:15,447 [Worker-16: Building] INFO  o.e.m.c.i.embedder.EclipseLogger - Using 'UTF-8' encoding to copy filtered resources.
2020-08-28 11:17:15,448 [Worker-16: Building] INFO  o.e.m.c.i.embedder.EclipseLogger - Copying 0 resource
2020-08-28 11:18:51,308 [Worker-17: Building] INFO  o.e.m.c.i.l.LifecycleMappingFactory - Using org.eclipse.m2e.jdt.JarLifecycleMapping lifecycle mapping for MavenProject: kompetenznachweis:m154-crm-maven-web:0.0.1-SNAPSHOT @ C:\Users\Matus\Desktop\Kompetenznachweis\workspace_M154_knw\m154-crm-maven-web\pom.xml.
2020-08-28 11:18:52,375 [Worker-17: Building] INFO  o.e.m.c.i.e.AbstractTransferListenerAdapter - Downloading https://repo.maven.apache.org/maven2/io/javalin/javalin/3.8.0/javalin-3.8.0.pom
2020-08-28 11:18:52,678 [Worker-17: Building] INFO  o.e.m.c.i.e.AbstractTransferListenerAdapter - Downloaded https://repo.maven.apache.org/maven2/io/javalin/javalin/3.8.0/javalin-3.8.0.pom
2020-08-28 11:18:52,863 [Worker-17: Building] INFO  o.e.m.c.i.e.AbstractTransferListenerAdapter - Downloading https://repo.maven.apache.org/maven2/org/jetbrains/kotlin/kotlin-stdlib-jdk8/1.3.61/kotlin-stdlib-jdk8-1.3.61.pom
2020-08-28 11:18:53,056 [Worker-17: Building] INFO  o.e.m.c.i.e.AbstractTransferListenerAdapter - Downloaded https://repo.maven.apache.org/maven2/org/jetbrains/kotlin/kotlin-stdlib-jdk8/1.3.61/kotlin-stdlib-jdk8-1.3.61.pom
2020-08-28 11:18:53,229 [Worker-17: Building] INFO  o.e.m.c.i.e.AbstractTransferListenerAdapter - Downloading https://repo.maven.apache.org/maven2/org/jetbrains/kotlin/kotlin-stdlib/1.3.61/kotlin-stdlib-1.3.61.pom
2020-08-28 11:18:53,445 [Worker-17: Building] INFO  o.e.m.c.i.e.AbstractTransferListenerAdapter - Downloaded https://repo.maven.apache.org/maven2/org/jetbrains/kotlin/kotlin-stdlib/1.3.61/kotlin-stdlib-1.3.61.pom
2020-08-28 11:18:53,623 [Worker-17: Building] INFO  o.e.m.c.i.e.AbstractTransferListenerAdapter - Downloading https://repo.maven.apache.org/maven2/org/jetbrains/kotlin/kotlin-stdlib-common/1.3.61/kotlin-stdlib-common-1.3.61.pom
2020-08-28 11:18:53,944 [Worker-17: Building] INFO  o.e.m.c.i.e.AbstractTransferListenerAdapter - Downloaded https://repo.maven.apache.org/maven2/org/jetbrains/kotlin/kotlin-stdlib-common/1.3.61/kotlin-stdlib-common-1.3.61.pom
2020-08-28 11:18:54,160 [Worker-17: Building] INFO  o.e.m.c.i.e.AbstractTransferListenerAdapter - Downloading https://repo.maven.apache.org/maven2/org/jetbrains/kotlin/kotlin-stdlib-jdk7/1.3.61/kotlin-stdlib-jdk7-1.3.61.pom
2020-08-28 11:18:54,364 [Worker-17: Building] INFO  o.e.m.c.i.e.AbstractTransferListenerAdapter - Downloaded https://repo.maven.apache.org/maven2/org/jetbrains/kotlin/kotlin-stdlib-jdk7/1.3.61/kotlin-stdlib-jdk7-1.3.61.pom
2020-08-28 11:18:54,531 [Worker-17: Building] INFO  o.e.m.c.i.e.AbstractTransferListenerAdapter - Downloading https://repo.maven.apache.org/maven2/org/slf4j/slf4j-api/1.7.28/slf4j-api-1.7.28.pom
2020-08-28 11:18:54,690 [Worker-17: Building] INFO  o.e.m.c.i.e.AbstractTransferListenerAdapter - Downloaded https://repo.maven.apache.org/maven2/org/slf4j/slf4j-api/1.7.28/slf4j-api-1.7.28.pom
2020-08-28 11:18:54,854 [Worker-17: Building] INFO  o.e.m.c.i.e.AbstractTransferListenerAdapter - Downloading https://repo.maven.apache.org/maven2/org/slf4j/slf4j-parent/1.7.28/slf4j-parent-1.7.28.pom
2020-08-28 11:18:55,073 [Worker-17: Building] INFO  o.e.m.c.i.e.AbstractTransferListenerAdapter - Downloaded https://repo.maven.apache.org/maven2/org/slf4j/slf4j-parent/1.7.28/slf4j-parent-1.7.28.pom
2020-08-28 11:18:55,260 [Worker-17: Building] INFO  o.e.m.c.i.e.AbstractTransferListenerAdapter - Downloading https://repo.maven.apache.org/maven2/org/eclipse/jetty/jetty-server/9.4.25.v20191220/jetty-server-9.4.25.v20191220.pom
2020-08-28 11:18:55,420 [Worker-17: Building] INFO  o.e.m.c.i.e.AbstractTransferListenerAdapter - Downloaded https://repo.maven.apache.org/maven2/org/eclipse/jetty/jetty-server/9.4.25.v20191220/jetty-server-9.4.25.v20191220.pom
2020-08-28 11:18:55,578 [Worker-17: Building] INFO  o.e.m.c.i.e.AbstractTransferListenerAdapter - Downloading https://repo.maven.apache.org/maven2/org/eclipse/jetty/jetty-project/9.4.25.v20191220/jetty-project-9.4.25.v20191220.pom
2020-08-28 11:18:55,952 [Worker-17: Building] INFO  o.e.m.c.i.e.AbstractTransferListenerAdapter - Downloaded https://repo.maven.apache.org/maven2/org/eclipse/jetty/jetty-project/9.4.25.v20191220/jetty-project-9.4.25.v20191220.pom
2020-08-28 11:18:56,185 [Worker-17: Building] INFO  o.e.m.c.i.e.AbstractTransferListenerAdapter - Downloading https://repo.maven.apache.org/maven2/org/eclipse/jetty/jetty-http/9.4.25.v20191220/jetty-http-9.4.25.v20191220.pom
2020-08-28 11:18:56,375 [Worker-17: Building] INFO  o.e.m.c.i.e.AbstractTransferListenerAdapter - Downloaded https://repo.maven.apache.org/maven2/org/eclipse/jetty/jetty-http/9.4.25.v20191220/jetty-http-9.4.25.v20191220.pom
2020-08-28 11:18:56,556 [Worker-17: Building] INFO  o.e.m.c.i.e.AbstractTransferListenerAdapter - Downloading https://repo.maven.apache.org/maven2/org/eclipse/jetty/jetty-util/9.4.25.v20191220/jetty-util-9.4.25.v20191220.pom
2020-08-28 11:18:56,728 [Worker-17: Building] INFO  o.e.m.c.i.e.AbstractTransferListenerAdapter - Downloaded https://repo.maven.apache.org/maven2/org/eclipse/jetty/jetty-util/9.4.25.v20191220/jetty-util-9.4.25.v20191220.pom
2020-08-28 11:18:56,902 [Worker-17: Building] INFO  o.e.m.c.i.e.AbstractTransferListenerAdapter - Downloading https://repo.maven.apache.org/maven2/org/eclipse/jetty/jetty-io/9.4.25.v20191220/jetty-io-9.4.25.v20191220.pom
2020-08-28 11:18:57,068 [Worker-17: Building] INFO  o.e.m.c.i.e.AbstractTransferListenerAdapter - Downloaded https://repo.maven.apache.org/maven2/org/eclipse/jetty/jetty-io/9.4.25.v20191220/jetty-io-9.4.25.v20191220.pom
2020-08-28 11:18:57,234 [Worker-17: Building] INFO  o.e.m.c.i.e.AbstractTransferListenerAdapter - Downloading https://repo.maven.apache.org/maven2/org/eclipse/jetty/jetty-webapp/9.4.25.v20191220/jetty-webapp-9.4.25.v20191220.pom
2020-08-28 11:18:57,424 [Worker-17: Building] INFO  o.e.m.c.i.e.AbstractTransferListenerAdapter - Downloaded https://repo.maven.apache.org/maven2/org/eclipse/jetty/jetty-webapp/9.4.25.v20191220/jetty-webapp-9.4.25.v20191220.pom
2020-08-28 11:18:57,601 [Worker-17: Building] INFO  o.e.m.c.i.e.AbstractTransferListenerAdapter - Downloading https://repo.maven.apache.org/maven2/org/eclipse/jetty/jetty-xml/9.4.25.v20191220/jetty-xml-9.4.25.v20191220.pom
2020-08-28 11:18:57,773 [Worker-17: Building] INFO  o.e.m.c.i.e.AbstractTransferListenerAdapter - Downloaded https://repo.maven.apache.org/maven2/org/eclipse/jetty/jetty-xml/9.4.25.v20191220/jetty-xml-9.4.25.v20191220.pom
2020-08-28 11:18:57,945 [Worker-17: Building] INFO  o.e.m.c.i.e.AbstractTransferListenerAdapter - Downloading https://repo.maven.apache.org/maven2/org/eclipse/jetty/jetty-servlet/9.4.25.v20191220/jetty-servlet-9.4.25.v20191220.pom
2020-08-28 11:18:58,136 [Worker-17: Building] INFO  o.e.m.c.i.e.AbstractTransferListenerAdapter - Downloaded https://repo.maven.apache.org/maven2/org/eclipse/jetty/jetty-servlet/9.4.25.v20191220/jetty-servlet-9.4.25.v20191220.pom
2020-08-28 11:18:58,309 [Worker-17: Building] INFO  o.e.m.c.i.e.AbstractTransferListenerAdapter - Downloading https://repo.maven.apache.org/maven2/org/eclipse/jetty/jetty-security/9.4.25.v20191220/jetty-security-9.4.25.v20191220.pom
2020-08-28 11:18:58,506 [Worker-17: Building] INFO  o.e.m.c.i.e.AbstractTransferListenerAdapter - Downloaded https://repo.maven.apache.org/maven2/org/eclipse/jetty/jetty-security/9.4.25.v20191220/jetty-security-9.4.25.v20191220.pom
2020-08-28 11:18:58,641 [Worker-17: Building] INFO  o.e.m.c.i.e.AbstractTransferListenerAdapter - Downloading https://repo.maven.apache.org/maven2/org/eclipse/jetty/websocket/websocket-server/9.4.25.v20191220/websocket-server-9.4.25.v20191220.pom
2020-08-28 11:18:58,821 [Worker-17: Building] INFO  o.e.m.c.i.e.AbstractTransferListenerAdapter - Downloaded https://repo.maven.apache.org/maven2/org/eclipse/jetty/websocket/websocket-server/9.4.25.v20191220/websocket-server-9.4.25.v20191220.pom
2020-08-28 11:18:58,971 [Worker-17: Building] INFO  o.e.m.c.i.e.AbstractTransferListenerAdapter - Downloading https://repo.maven.apache.org/maven2/org/eclipse/jetty/websocket/websocket-parent/9.4.25.v20191220/websocket-parent-9.4.25.v20191220.pom
2020-08-28 11:18:59,135 [Worker-17: Building] INFO  o.e.m.c.i.e.AbstractTransferListenerAdapter - Downloaded https://repo.maven.apache.org/maven2/org/eclipse/jetty/websocket/websocket-parent/9.4.25.v20191220/websocket-parent-9.4.25.v20191220.pom
2020-08-28 11:18:59,302 [Worker-17: Building] INFO  o.e.m.c.i.e.AbstractTransferListenerAdapter - Downloading https://repo.maven.apache.org/maven2/org/eclipse/jetty/websocket/websocket-common/9.4.25.v20191220/websocket-common-9.4.25.v20191220.pom
2020-08-28 11:18:59,476 [Worker-17: Building] INFO  o.e.m.c.i.e.AbstractTransferListenerAdapter - Downloaded https://repo.maven.apache.org/maven2/org/eclipse/jetty/websocket/websocket-common/9.4.25.v20191220/websocket-common-9.4.25.v20191220.pom
2020-08-28 11:18:59,632 [Worker-17: Building] INFO  o.e.m.c.i.e.AbstractTransferListenerAdapter - Downloading https://repo.maven.apache.org/maven2/org/eclipse/jetty/websocket/websocket-api/9.4.25.v20191220/websocket-api-9.4.25.v20191220.pom
2020-08-28 11:18:59,797 [Worker-17: Building] INFO  o.e.m.c.i.e.AbstractTransferListenerAdapter - Downloaded https://repo.maven.apache.org/maven2/org/eclipse/jetty/websocket/websocket-api/9.4.25.v20191220/websocket-api-9.4.25.v20191220.pom
2020-08-28 11:18:59,961 [Worker-17: Building] INFO  o.e.m.c.i.e.AbstractTransferListenerAdapter - Downloading https://repo.maven.apache.org/maven2/org/eclipse/jetty/websocket/websocket-client/9.4.25.v20191220/websocket-client-9.4.25.v20191220.pom
2020-08-28 11:19:00,120 [Worker-17: Building] INFO  o.e.m.c.i.e.AbstractTransferListenerAdapter - Downloaded https://repo.maven.apache.org/maven2/org/eclipse/jetty/websocket/websocket-client/9.4.25.v20191220/websocket-client-9.4.25.v20191220.pom
2020-08-28 11:19:00,269 [Worker-17: Building] INFO  o.e.m.c.i.e.AbstractTransferListenerAdapter - Downloading https://repo.maven.apache.org/maven2/org/eclipse/jetty/jetty-client/9.4.25.v20191220/jetty-client-9.4.25.v20191220.pom
2020-08-28 11:19:00,409 [Worker-17: Building] INFO  o.e.m.c.i.e.AbstractTransferListenerAdapter - Downloaded https://repo.maven.apache.org/maven2/org/eclipse/jetty/jetty-client/9.4.25.v20191220/jetty-client-9.4.25.v20191220.pom
2020-08-28 11:19:00,557 [Worker-17: Building] INFO  o.e.m.c.i.e.AbstractTransferListenerAdapter - Downloading https://repo.maven.apache.org/maven2/org/eclipse/jetty/websocket/websocket-servlet/9.4.25.v20191220/websocket-servlet-9.4.25.v20191220.pom
2020-08-28 11:19:00,704 [Worker-17: Building] INFO  o.e.m.c.i.e.AbstractTransferListenerAdapter - Downloaded https://repo.maven.apache.org/maven2/org/eclipse/jetty/websocket/websocket-servlet/9.4.25.v20191220/websocket-servlet-9.4.25.v20191220.pom
2020-08-28 11:19:00,891 [AetherRepositoryConnector-repo.maven.apache.org-0-4] INFO  o.e.m.c.i.e.AbstractTransferListenerAdapter - Downloading https://repo.maven.apache.org/maven2/org/jetbrains/kotlin/kotlin-stdlib-jdk7/1.3.61/kotlin-stdlib-jdk7-1.3.61.jar
2020-08-28 11:19:00,991 [AetherRepositoryConnector-repo.maven.apache.org-0-1] INFO  o.e.m.c.i.e.AbstractTransferListenerAdapter - Downloading https://repo.maven.apache.org/maven2/org/jetbrains/kotlin/kotlin-stdlib-jdk8/1.3.61/kotlin-stdlib-jdk8-1.3.61.jar
2020-08-28 11:19:00,997 [AetherRepositoryConnector-repo.maven.apache.org-0-3] INFO  o.e.m.c.i.e.AbstractTransferListenerAdapter - Downloading https://repo.maven.apache.org/maven2/org/jetbrains/kotlin/kotlin-stdlib-common/1.3.61/kotlin-stdlib-common-1.3.61.jar
2020-08-28 11:19:01,089 [AetherRepositoryConnector-repo.maven.apache.org-0-2] INFO  o.e.m.c.i.e.AbstractTransferListenerAdapter - Downloading https://repo.maven.apache.org/maven2/org/jetbrains/kotlin/kotlin-stdlib/1.3.61/kotlin-stdlib-1.3.61.jar
2020-08-28 11:19:01,089 [AetherRepositoryConnector-repo.maven.apache.org-0-0] INFO  o.e.m.c.i.e.AbstractTransferListenerAdapter - Downloading https://repo.maven.apache.org/maven2/io/javalin/javalin/3.8.0/javalin-3.8.0.jar
2020-08-28 11:19:01,130 [AetherRepositoryConnector-repo.maven.apache.org-0-4] INFO  o.e.m.c.i.e.AbstractTransferListenerAdapter - Downloaded https://repo.maven.apache.org/maven2/org/jetbrains/kotlin/kotlin-stdlib-jdk7/1.3.61/kotlin-stdlib-jdk7-1.3.61.jar
2020-08-28 11:19:01,409 [AetherRepositoryConnector-repo.maven.apache.org-0-4] INFO  o.e.m.c.i.e.AbstractTransferListenerAdapter - Downloading https://repo.maven.apache.org/maven2/org/slf4j/slf4j-api/1.7.28/slf4j-api-1.7.28.jar
2020-08-28 11:19:01,581 [AetherRepositoryConnector-repo.maven.apache.org-0-1] INFO  o.e.m.c.i.e.AbstractTransferListenerAdapter - Downloaded https://repo.maven.apache.org/maven2/org/jetbrains/kotlin/kotlin-stdlib-jdk8/1.3.61/kotlin-stdlib-jdk8-1.3.61.jar
2020-08-28 11:19:01,790 [AetherRepositoryConnector-repo.maven.apache.org-0-1] INFO  o.e.m.c.i.e.AbstractTransferListenerAdapter - Downloading https://repo.maven.apache.org/maven2/org/eclipse/jetty/jetty-server/9.4.25.v20191220/jetty-server-9.4.25.v20191220.jar
2020-08-28 11:19:01,928 [AetherRepositoryConnector-repo.maven.apache.org-0-3] INFO  o.e.m.c.i.e.AbstractTransferListenerAdapter - Downloaded https://repo.maven.apache.org/maven2/org/jetbrains/kotlin/kotlin-stdlib-common/1.3.61/kotlin-stdlib-common-1.3.61.jar
2020-08-28 11:19:02,120 [AetherRepositoryConnector-repo.maven.apache.org-0-3] INFO  o.e.m.c.i.e.AbstractTransferListenerAdapter - Downloading https://repo.maven.apache.org/maven2/org/eclipse/jetty/jetty-http/9.4.25.v20191220/jetty-http-9.4.25.v20191220.jar
2020-08-28 11:19:02,182 [AetherRepositoryConnector-repo.maven.apache.org-0-4] INFO  o.e.m.c.i.e.AbstractTransferListenerAdapter - Downloaded https://repo.maven.apache.org/maven2/org/slf4j/slf4j-api/1.7.28/slf4j-api-1.7.28.jar
2020-08-28 11:19:02,417 [AetherRepositoryConnector-repo.maven.apache.org-0-4] INFO  o.e.m.c.i.e.AbstractTransferListenerAdapter - Downloading https://repo.maven.apache.org/maven2/org/eclipse/jetty/jetty-util/9.4.25.v20191220/jetty-util-9.4.25.v20191220.jar
2020-08-28 11:19:03,134 [AetherRepositoryConnector-repo.maven.apache.org-0-3] INFO  o.e.m.c.i.e.AbstractTransferListenerAdapter - Downloaded https://repo.maven.apache.org/maven2/org/eclipse/jetty/jetty-http/9.4.25.v20191220/jetty-http-9.4.25.v20191220.jar
2020-08-28 11:19:03,357 [AetherRepositoryConnector-repo.maven.apache.org-0-3] INFO  o.e.m.c.i.e.AbstractTransferListenerAdapter - Downloading https://repo.maven.apache.org/maven2/org/eclipse/jetty/jetty-io/9.4.25.v20191220/jetty-io-9.4.25.v20191220.jar
2020-08-28 11:19:03,459 [AetherRepositoryConnector-repo.maven.apache.org-0-0] INFO  o.e.m.c.i.e.AbstractTransferListenerAdapter - Downloaded https://repo.maven.apache.org/maven2/io/javalin/javalin/3.8.0/javalin-3.8.0.jar
2020-08-28 11:19:03,678 [AetherRepositoryConnector-repo.maven.apache.org-0-0] INFO  o.e.m.c.i.e.AbstractTransferListenerAdapter - Downloading https://repo.maven.apache.org/maven2/org/eclipse/jetty/jetty-webapp/9.4.25.v20191220/jetty-webapp-9.4.25.v20191220.jar
2020-08-28 11:19:04,030 [AetherRepositoryConnector-repo.maven.apache.org-0-3] INFO  o.e.m.c.i.e.AbstractTransferListenerAdapter - Downloaded https://repo.maven.apache.org/maven2/org/eclipse/jetty/jetty-io/9.4.25.v20191220/jetty-io-9.4.25.v20191220.jar
2020-08-28 11:19:04,066 [AetherRepositoryConnector-repo.maven.apache.org-0-1] INFO  o.e.m.c.i.e.AbstractTransferListenerAdapter - Downloaded https://repo.maven.apache.org/maven2/org/eclipse/jetty/jetty-server/9.4.25.v20191220/jetty-server-9.4.25.v20191220.jar
2020-08-28 11:19:04,076 [AetherRepositoryConnector-repo.maven.apache.org-0-4] INFO  o.e.m.c.i.e.AbstractTransferListenerAdapter - Downloaded https://repo.maven.apache.org/maven2/org/eclipse/jetty/jetty-util/9.4.25.v20191220/jetty-util-9.4.25.v20191220.jar
2020-08-28 11:19:04,172 [AetherRepositoryConnector-repo.maven.apache.org-0-3] INFO  o.e.m.c.i.e.AbstractTransferListenerAdapter - Downloading https://repo.maven.apache.org/maven2/org/eclipse/jetty/jetty-xml/9.4.25.v20191220/jetty-xml-9.4.25.v20191220.jar
2020-08-28 11:19:04,173 [AetherRepositoryConnector-repo.maven.apache.org-0-0] INFO  o.e.m.c.i.e.AbstractTransferListenerAdapter - Downloaded https://repo.maven.apache.org/maven2/org/eclipse/jetty/jetty-webapp/9.4.25.v20191220/jetty-webapp-9.4.25.v20191220.jar
2020-08-28 11:19:04,215 [AetherRepositoryConnector-repo.maven.apache.org-0-1] INFO  o.e.m.c.i.e.AbstractTransferListenerAdapter - Downloading https://repo.maven.apache.org/maven2/org/eclipse/jetty/jetty-servlet/9.4.25.v20191220/jetty-servlet-9.4.25.v20191220.jar
2020-08-28 11:19:04,307 [AetherRepositoryConnector-repo.maven.apache.org-0-4] INFO  o.e.m.c.i.e.AbstractTransferListenerAdapter - Downloading https://repo.maven.apache.org/maven2/org/eclipse/jetty/jetty-security/9.4.25.v20191220/jetty-security-9.4.25.v20191220.jar
2020-08-28 11:19:04,382 [AetherRepositoryConnector-repo.maven.apache.org-0-0] INFO  o.e.m.c.i.e.AbstractTransferListenerAdapter - Downloading https://repo.maven.apache.org/maven2/org/eclipse/jetty/websocket/websocket-server/9.4.25.v20191220/websocket-server-9.4.25.v20191220.jar
2020-08-28 11:19:04,438 [AetherRepositoryConnector-repo.maven.apache.org-0-3] INFO  o.e.m.c.i.e.AbstractTransferListenerAdapter - Downloaded https://repo.maven.apache.org/maven2/org/eclipse/jetty/jetty-xml/9.4.25.v20191220/jetty-xml-9.4.25.v20191220.jar
2020-08-28 11:19:04,438 [AetherRepositoryConnector-repo.maven.apache.org-0-2] INFO  o.e.m.c.i.e.AbstractTransferListenerAdapter - Downloaded https://repo.maven.apache.org/maven2/org/jetbrains/kotlin/kotlin-stdlib/1.3.61/kotlin-stdlib-1.3.61.jar
2020-08-28 11:19:04,451 [AetherRepositoryConnector-repo.maven.apache.org-0-1] INFO  o.e.m.c.i.e.AbstractTransferListenerAdapter - Downloaded https://repo.maven.apache.org/maven2/org/eclipse/jetty/jetty-servlet/9.4.25.v20191220/jetty-servlet-9.4.25.v20191220.jar
2020-08-28 11:19:04,516 [AetherRepositoryConnector-repo.maven.apache.org-0-4] INFO  o.e.m.c.i.e.AbstractTransferListenerAdapter - Downloaded https://repo.maven.apache.org/maven2/org/eclipse/jetty/jetty-security/9.4.25.v20191220/jetty-security-9.4.25.v20191220.jar
2020-08-28 11:19:04,615 [AetherRepositoryConnector-repo.maven.apache.org-0-1] INFO  o.e.m.c.i.e.AbstractTransferListenerAdapter - Downloading https://repo.maven.apache.org/maven2/org/eclipse/jetty/websocket/websocket-client/9.4.25.v20191220/websocket-client-9.4.25.v20191220.jar
2020-08-28 11:19:04,641 [AetherRepositoryConnector-repo.maven.apache.org-0-2] INFO  o.e.m.c.i.e.AbstractTransferListenerAdapter - Downloading https://repo.maven.apache.org/maven2/org/eclipse/jetty/websocket/websocket-api/9.4.25.v20191220/websocket-api-9.4.25.v20191220.jar
2020-08-28 11:19:04,641 [AetherRepositoryConnector-repo.maven.apache.org-0-3] INFO  o.e.m.c.i.e.AbstractTransferListenerAdapter - Downloading https://repo.maven.apache.org/maven2/org/eclipse/jetty/websocket/websocket-common/9.4.25.v20191220/websocket-common-9.4.25.v20191220.jar
2020-08-28 11:19:04,813 [AetherRepositoryConnector-repo.maven.apache.org-0-4] INFO  o.e.m.c.i.e.AbstractTransferListenerAdapter - Downloading https://repo.maven.apache.org/maven2/org/eclipse/jetty/jetty-client/9.4.25.v20191220/jetty-client-9.4.25.v20191220.jar
2020-08-28 11:19:04,939 [AetherRepositoryConnector-repo.maven.apache.org-0-0] INFO  o.e.m.c.i.e.AbstractTransferListenerAdapter - Downloaded https://repo.maven.apache.org/maven2/org/eclipse/jetty/websocket/websocket-server/9.4.25.v20191220/websocket-server-9.4.25.v20191220.jar
2020-08-28 11:19:04,998 [AetherRepositoryConnector-repo.maven.apache.org-0-2] INFO  o.e.m.c.i.e.AbstractTransferListenerAdapter - Downloaded https://repo.maven.apache.org/maven2/org/eclipse/jetty/websocket/websocket-api/9.4.25.v20191220/websocket-api-9.4.25.v20191220.jar
2020-08-28 11:19:05,034 [AetherRepositoryConnector-repo.maven.apache.org-0-3] INFO  o.e.m.c.i.e.AbstractTransferListenerAdapter - Downloaded https://repo.maven.apache.org/maven2/org/eclipse/jetty/websocket/websocket-common/9.4.25.v20191220/websocket-common-9.4.25.v20191220.jar
2020-08-28 11:19:05,034 [AetherRepositoryConnector-repo.maven.apache.org-0-1] INFO  o.e.m.c.i.e.AbstractTransferListenerAdapter - Downloaded https://repo.maven.apache.org/maven2/org/eclipse/jetty/websocket/websocket-client/9.4.25.v20191220/websocket-client-9.4.25.v20191220.jar
2020-08-28 11:19:05,051 [AetherRepositoryConnector-repo.maven.apache.org-0-0] INFO  o.e.m.c.i.e.AbstractTransferListenerAdapter - Downloading https://repo.maven.apache.org/maven2/org/eclipse/jetty/websocket/websocket-servlet/9.4.25.v20191220/websocket-servlet-9.4.25.v20191220.jar
2020-08-28 11:19:05,180 [AetherRepositoryConnector-repo.maven.apache.org-0-4] INFO  o.e.m.c.i.e.AbstractTransferListenerAdapter - Downloaded https://repo.maven.apache.org/maven2/org/eclipse/jetty/jetty-client/9.4.25.v20191220/jetty-client-9.4.25.v20191220.jar
2020-08-28 11:19:05,302 [AetherRepositoryConnector-repo.maven.apache.org-0-0] INFO  o.e.m.c.i.e.AbstractTransferListenerAdapter - Downloaded https://repo.maven.apache.org/maven2/org/eclipse/jetty/websocket/websocket-servlet/9.4.25.v20191220/websocket-servlet-9.4.25.v20191220.jar
2020-08-28 11:19:08,669 [Worker-17: Building] INFO  o.e.m.c.i.embedder.EclipseLogger - Using 'UTF-8' encoding to copy filtered resources.
2020-08-28 11:19:08,671 [Worker-17: Building] INFO  o.e.m.c.i.embedder.EclipseLogger - Copying 0 resource
2020-08-28 11:19:08,675 [Worker-17: Building] INFO  o.e.m.c.i.embedder.EclipseLogger - Using 'UTF-8' encoding to copy filtered resources.
2020-08-28 11:19:08,676 [Worker-17: Building] INFO  o.e.m.c.i.embedder.EclipseLogger - Copying 0 resource
2020-08-28 11:19:09,294 [Worker-17: Updating Maven Project] INFO  o.e.m.c.i.p.ProjectConfigurationManager - Update started
2020-08-28 11:19:10,140 [Worker-21: Download sources and javadoc] INFO  o.e.m.c.i.e.AbstractTransferListenerAdapter - Downloading https://repo.maven.apache.org/maven2/io/javalin/javalin/3.8.0/javalin-3.8.0-sources.jar
2020-08-28 11:19:10,498 [Worker-17: Updating Maven Project] INFO  o.e.m.c.i.l.LifecycleMappingFactory - Using org.eclipse.m2e.jdt.JarLifecycleMapping lifecycle mapping for MavenProject: kompetenznachweis:m154-crm-maven-web:0.0.1-SNAPSHOT @ C:\Users\Matus\Desktop\Kompetenznachweis\workspace_M154_knw\m154-crm-maven-web\pom.xml.
2020-08-28 11:19:10,974 [Worker-21: Download sources and javadoc] INFO  o.e.m.c.i.e.AbstractTransferListenerAdapter - Downloaded https://repo.maven.apache.org/maven2/io/javalin/javalin/3.8.0/javalin-3.8.0-sources.jar
2020-08-28 11:19:11,201 [Worker-21: Download sources and javadoc] INFO  o.e.m.j.internal.DownloadSourcesJob - Downloaded sources for io.javalin:javalin:3.8.0
2020-08-28 11:19:11,214 [Worker-17: Updating Maven Project] INFO  o.e.m.j.i.AbstractJavaProjectConfigurator - Adding source folder /m154-crm-maven-web/src/main/java
2020-08-28 11:19:11,215 [Worker-17: Updating Maven Project] INFO  o.e.m.j.i.AbstractJavaProjectConfigurator - Adding resource folder /m154-crm-maven-web/src/main/resources
2020-08-28 11:19:11,217 [Worker-17: Updating Maven Project] INFO  o.e.m.j.i.AbstractJavaProjectConfigurator - Adding source folder /m154-crm-maven-web/src/test/java
2020-08-28 11:19:11,217 [Worker-17: Updating Maven Project] INFO  o.e.m.j.i.AbstractJavaProjectConfigurator - Adding resource folder /m154-crm-maven-web/src/test/resources
2020-08-28 11:19:11,592 [Worker-17: Updating Maven Project] INFO  o.e.m.c.i.p.ProjectConfigurationManager - Update completed: 2 sec
2020-08-28 11:19:11,724 [Worker-21: Download sources and javadoc] INFO  o.e.m.c.i.e.AbstractTransferListenerAdapter - Downloading https://repo.maven.apache.org/maven2/org/jetbrains/kotlin/kotlin-stdlib-jdk8/1.3.61/kotlin-stdlib-jdk8-1.3.61-sources.jar
2020-08-28 11:19:13,022 [Worker-17: Building] INFO  o.e.m.c.i.embedder.EclipseLogger - Using 'UTF-8' encoding to copy filtered resources.
2020-08-28 11:19:13,023 [Worker-17: Building] INFO  o.e.m.c.i.embedder.EclipseLogger - Copying 0 resource
2020-08-28 11:19:13,026 [Worker-17: Building] INFO  o.e.m.c.i.embedder.EclipseLogger - Using 'UTF-8' encoding to copy filtered resources.
2020-08-28 11:19:13,027 [Worker-17: Building] INFO  o.e.m.c.i.embedder.EclipseLogger - Copying 0 resource
2020-08-28 11:19:13,230 [Worker-21: Download sources and javadoc] INFO  o.e.m.c.i.e.AbstractTransferListenerAdapter - Downloaded https://repo.maven.apache.org/maven2/org/jetbrains/kotlin/kotlin-stdlib-jdk8/1.3.61/kotlin-stdlib-jdk8-1.3.61-sources.jar
2020-08-28 11:19:13,993 [Worker-21: Download sources and javadoc] INFO  o.e.m.j.internal.DownloadSourcesJob - Downloaded sources for org.jetbrains.kotlin:kotlin-stdlib-jdk8:1.3.61
2020-08-28 11:19:14,369 [Worker-21: Download sources and javadoc] INFO  o.e.m.c.i.e.AbstractTransferListenerAdapter - Downloading https://repo.maven.apache.org/maven2/org/jetbrains/kotlin/kotlin-stdlib/1.3.61/kotlin-stdlib-1.3.61-sources.jar
2020-08-28 11:19:14,813 [Worker-21: Download sources and javadoc] INFO  o.e.m.c.i.e.AbstractTransferListenerAdapter - Downloaded https://repo.maven.apache.org/maven2/org/jetbrains/kotlin/kotlin-stdlib/1.3.61/kotlin-stdlib-1.3.61-sources.jar
2020-08-28 11:19:14,965 [Worker-21: Download sources and javadoc] INFO  o.e.m.j.internal.DownloadSourcesJob - Downloaded sources for org.jetbrains.kotlin:kotlin-stdlib:1.3.61
2020-08-28 11:19:15,353 [Worker-21: Download sources and javadoc] INFO  o.e.m.c.i.e.AbstractTransferListenerAdapter - Downloading https://repo.maven.apache.org/maven2/org/jetbrains/kotlin/kotlin-stdlib-common/1.3.61/kotlin-stdlib-common-1.3.61-sources.jar
2020-08-28 11:19:15,866 [Worker-21: Download sources and javadoc] INFO  o.e.m.c.i.e.AbstractTransferListenerAdapter - Downloaded https://repo.maven.apache.org/maven2/org/jetbrains/kotlin/kotlin-stdlib-common/1.3.61/kotlin-stdlib-common-1.3.61-sources.jar
2020-08-28 11:19:16,007 [Worker-21: Download sources and javadoc] INFO  o.e.m.j.internal.DownloadSourcesJob - Downloaded sources for org.jetbrains.kotlin:kotlin-stdlib-common:1.3.61
2020-08-28 11:19:16,406 [Worker-21: Download sources and javadoc] INFO  o.e.m.c.i.e.AbstractTransferListenerAdapter - Downloading https://repo.maven.apache.org/maven2/org/jetbrains/kotlin/kotlin-stdlib-jdk7/1.3.61/kotlin-stdlib-jdk7-1.3.61-sources.jar
2020-08-28 11:19:16,685 [Worker-21: Download sources and javadoc] INFO  o.e.m.c.i.e.AbstractTransferListenerAdapter - Downloaded https://repo.maven.apache.org/maven2/org/jetbrains/kotlin/kotlin-stdlib-jdk7/1.3.61/kotlin-stdlib-jdk7-1.3.61-sources.jar
2020-08-28 11:19:16,983 [Worker-21: Download sources and javadoc] INFO  o.e.m.j.internal.DownloadSourcesJob - Downloaded sources for org.jetbrains.kotlin:kotlin-stdlib-jdk7:1.3.61
2020-08-28 11:19:17,445 [Worker-21: Download sources and javadoc] INFO  o.e.m.c.i.e.AbstractTransferListenerAdapter - Downloading https://repo.maven.apache.org/maven2/org/slf4j/slf4j-api/1.7.28/slf4j-api-1.7.28-sources.jar
2020-08-28 11:19:17,740 [Worker-21: Download sources and javadoc] INFO  o.e.m.c.i.e.AbstractTransferListenerAdapter - Downloaded https://repo.maven.apache.org/maven2/org/slf4j/slf4j-api/1.7.28/slf4j-api-1.7.28-sources.jar
2020-08-28 11:19:17,933 [Worker-21: Download sources and javadoc] INFO  o.e.m.j.internal.DownloadSourcesJob - Downloaded sources for org.slf4j:slf4j-api:1.7.28
2020-08-28 11:19:18,427 [Worker-21: Download sources and javadoc] INFO  o.e.m.c.i.e.AbstractTransferListenerAdapter - Downloading https://repo.maven.apache.org/maven2/org/eclipse/jetty/jetty-server/9.4.25.v20191220/jetty-server-9.4.25.v20191220-sources.jar
2020-08-28 11:19:19,285 [Worker-21: Download sources and javadoc] INFO  o.e.m.c.i.e.AbstractTransferListenerAdapter - Downloaded https://repo.maven.apache.org/maven2/org/eclipse/jetty/jetty-server/9.4.25.v20191220/jetty-server-9.4.25.v20191220-sources.jar
2020-08-28 11:19:19,435 [Worker-21: Download sources and javadoc] INFO  o.e.m.j.internal.DownloadSourcesJob - Downloaded sources for org.eclipse.jetty:jetty-server:9.4.25.v20191220
2020-08-28 11:19:19,938 [Worker-21: Download sources and javadoc] INFO  o.e.m.c.i.e.AbstractTransferListenerAdapter - Downloading https://repo.maven.apache.org/maven2/org/eclipse/jetty/jetty-http/9.4.25.v20191220/jetty-http-9.4.25.v20191220-sources.jar
2020-08-28 11:19:20,379 [Worker-21: Download sources and javadoc] INFO  o.e.m.c.i.e.AbstractTransferListenerAdapter - Downloaded https://repo.maven.apache.org/maven2/org/eclipse/jetty/jetty-http/9.4.25.v20191220/jetty-http-9.4.25.v20191220-sources.jar
2020-08-28 11:19:20,520 [Worker-21: Download sources and javadoc] INFO  o.e.m.j.internal.DownloadSourcesJob - Downloaded sources for org.eclipse.jetty:jetty-http:9.4.25.v20191220
2020-08-28 11:19:21,042 [Worker-21: Download sources and javadoc] INFO  o.e.m.c.i.e.AbstractTransferListenerAdapter - Downloading https://repo.maven.apache.org/maven2/org/eclipse/jetty/jetty-util/9.4.25.v20191220/jetty-util-9.4.25.v20191220-sources.jar
2020-08-28 11:19:21,722 [Worker-21: Download sources and javadoc] INFO  o.e.m.c.i.e.AbstractTransferListenerAdapter - Downloaded https://repo.maven.apache.org/maven2/org/eclipse/jetty/jetty-util/9.4.25.v20191220/jetty-util-9.4.25.v20191220-sources.jar
2020-08-28 11:19:21,854 [Worker-21: Download sources and javadoc] INFO  o.e.m.j.internal.DownloadSourcesJob - Downloaded sources for org.eclipse.jetty:jetty-util:9.4.25.v20191220
2020-08-28 11:19:21,975 [Worker-21: Download sources and javadoc] INFO  o.e.m.c.i.e.AbstractTransferListenerAdapter - Downloading https://repo.maven.apache.org/maven2/org/eclipse/jetty/jetty-io/9.4.25.v20191220/jetty-io-9.4.25.v20191220-sources.jar
2020-08-28 11:19:22,048 [Worker-21: Download sources and javadoc] INFO  o.e.m.c.i.e.AbstractTransferListenerAdapter - Downloaded https://repo.maven.apache.org/maven2/org/eclipse/jetty/jetty-io/9.4.25.v20191220/jetty-io-9.4.25.v20191220-sources.jar
2020-08-28 11:19:22,210 [Worker-21: Download sources and javadoc] INFO  o.e.m.j.internal.DownloadSourcesJob - Downloaded sources for org.eclipse.jetty:jetty-io:9.4.25.v20191220
2020-08-28 11:19:22,332 [Worker-21: Download sources and javadoc] INFO  o.e.m.c.i.e.AbstractTransferListenerAdapter - Downloading https://repo.maven.apache.org/maven2/org/eclipse/jetty/jetty-webapp/9.4.25.v20191220/jetty-webapp-9.4.25.v20191220-sources.jar
2020-08-28 11:19:22,432 [Worker-21: Download sources and javadoc] INFO  o.e.m.c.i.e.AbstractTransferListenerAdapter - Downloaded https://repo.maven.apache.org/maven2/org/eclipse/jetty/jetty-webapp/9.4.25.v20191220/jetty-webapp-9.4.25.v20191220-sources.jar
2020-08-28 11:19:22,823 [Worker-21: Download sources and javadoc] INFO  o.e.m.j.internal.DownloadSourcesJob - Downloaded sources for org.eclipse.jetty:jetty-webapp:9.4.25.v20191220
2020-08-28 11:19:23,162 [Worker-21: Download sources and javadoc] INFO  o.e.m.c.i.e.AbstractTransferListenerAdapter - Downloading https://repo.maven.apache.org/maven2/org/eclipse/jetty/jetty-xml/9.4.25.v20191220/jetty-xml-9.4.25.v20191220-sources.jar
2020-08-28 11:19:23,579 [Worker-21: Download sources and javadoc] INFO  o.e.m.c.i.e.AbstractTransferListenerAdapter - Downloaded https://repo.maven.apache.org/maven2/org/eclipse/jetty/jetty-xml/9.4.25.v20191220/jetty-xml-9.4.25.v20191220-sources.jar
2020-08-28 11:19:23,778 [Worker-16: Building] INFO  o.e.m.c.i.l.LifecycleMappingFactory - Using org.eclipse.m2e.jdt.JarLifecycleMapping lifecycle mapping for MavenProject: kompetenznachweis:m154-crm-maven-web:0.0.1-SNAPSHOT @ C:\Users\Matus\Desktop\Kompetenznachweis\workspace_M154_knw\m154-crm-maven-web\pom.xml.
2020-08-28 11:19:23,894 [Worker-21: Download sources and javadoc] INFO  o.e.m.j.internal.DownloadSourcesJob - Downloaded sources for org.eclipse.jetty:jetty-xml:9.4.25.v20191220
2020-08-28 11:19:24,388 [Worker-21: Download sources and javadoc] INFO  o.e.m.c.i.e.AbstractTransferListenerAdapter - Downloading https://repo.maven.apache.org/maven2/org/eclipse/jetty/jetty-servlet/9.4.25.v20191220/jetty-servlet-9.4.25.v20191220-sources.jar
2020-08-28 11:19:24,589 [Worker-16: Building] INFO  o.e.m.c.i.embedder.EclipseLogger - Using 'UTF-8' encoding to copy filtered resources.
2020-08-28 11:19:24,592 [Worker-16: Building] INFO  o.e.m.c.i.embedder.EclipseLogger - Copying 0 resource
2020-08-28 11:19:24,597 [Worker-16: Building] INFO  o.e.m.c.i.embedder.EclipseLogger - Using 'UTF-8' encoding to copy filtered resources.
2020-08-28 11:19:24,598 [Worker-16: Building] INFO  o.e.m.c.i.embedder.EclipseLogger - Copying 0 resource
2020-08-28 11:19:25,107 [Worker-21: Download sources and javadoc] INFO  o.e.m.c.i.e.AbstractTransferListenerAdapter - Downloaded https://repo.maven.apache.org/maven2/org/eclipse/jetty/jetty-servlet/9.4.25.v20191220/jetty-servlet-9.4.25.v20191220-sources.jar
2020-08-28 11:19:25,875 [Worker-17: Building] INFO  o.e.m.c.i.embedder.EclipseLogger - Using 'UTF-8' encoding to copy filtered resources.
2020-08-28 11:19:25,876 [Worker-17: Building] INFO  o.e.m.c.i.embedder.EclipseLogger - Copying 0 resource
2020-08-28 11:19:25,887 [Worker-17: Building] INFO  o.e.m.c.i.embedder.EclipseLogger - Using 'UTF-8' encoding to copy filtered resources.
2020-08-28 11:19:25,888 [Worker-17: Building] INFO  o.e.m.c.i.embedder.EclipseLogger - Copying 0 resource
2020-08-28 11:19:25,978 [Worker-21: Download sources and javadoc] INFO  o.e.m.j.internal.DownloadSourcesJob - Downloaded sources for org.eclipse.jetty:jetty-servlet:9.4.25.v20191220
2020-08-28 11:19:26,434 [Worker-21: Download sources and javadoc] INFO  o.e.m.c.i.e.AbstractTransferListenerAdapter - Downloading https://repo.maven.apache.org/maven2/org/eclipse/jetty/jetty-security/9.4.25.v20191220/jetty-security-9.4.25.v20191220-sources.jar
2020-08-28 11:19:26,652 [Worker-21: Download sources and javadoc] INFO  o.e.m.c.i.e.AbstractTransferListenerAdapter - Downloaded https://repo.maven.apache.org/maven2/org/eclipse/jetty/jetty-security/9.4.25.v20191220/jetty-security-9.4.25.v20191220-sources.jar
2020-08-28 11:19:27,275 [Worker-21: Download sources and javadoc] INFO  o.e.m.j.internal.DownloadSourcesJob - Downloaded sources for org.eclipse.jetty:jetty-security:9.4.25.v20191220
2020-08-28 11:19:27,391 [Worker-21: Download sources and javadoc] INFO  o.e.m.c.i.e.AbstractTransferListenerAdapter - Downloading https://repo.maven.apache.org/maven2/org/eclipse/jetty/websocket/websocket-server/9.4.25.v20191220/websocket-server-9.4.25.v20191220-sources.jar
2020-08-28 11:19:27,680 [Worker-21: Download sources and javadoc] INFO  o.e.m.c.i.e.AbstractTransferListenerAdapter - Downloaded https://repo.maven.apache.org/maven2/org/eclipse/jetty/websocket/websocket-server/9.4.25.v20191220/websocket-server-9.4.25.v20191220-sources.jar
2020-08-28 11:19:27,813 [Worker-21: Download sources and javadoc] INFO  o.e.m.j.internal.DownloadSourcesJob - Downloaded sources for org.eclipse.jetty.websocket:websocket-server:9.4.25.v20191220
2020-08-28 11:19:28,241 [Worker-21: Download sources and javadoc] INFO  o.e.m.c.i.e.AbstractTransferListenerAdapter - Downloading https://repo.maven.apache.org/maven2/org/eclipse/jetty/websocket/websocket-common/9.4.25.v20191220/websocket-common-9.4.25.v20191220-sources.jar
2020-08-28 11:19:28,811 [Worker-21: Download sources and javadoc] INFO  o.e.m.c.i.e.AbstractTransferListenerAdapter - Downloaded https://repo.maven.apache.org/maven2/org/eclipse/jetty/websocket/websocket-common/9.4.25.v20191220/websocket-common-9.4.25.v20191220-sources.jar
2020-08-28 11:19:28,928 [Worker-21: Download sources and javadoc] INFO  o.e.m.j.internal.DownloadSourcesJob - Downloaded sources for org.eclipse.jetty.websocket:websocket-common:9.4.25.v20191220
2020-08-28 11:19:29,452 [Worker-21: Download sources and javadoc] INFO  o.e.m.c.i.e.AbstractTransferListenerAdapter - Downloading https://repo.maven.apache.org/maven2/org/eclipse/jetty/websocket/websocket-api/9.4.25.v20191220/websocket-api-9.4.25.v20191220-sources.jar
2020-08-28 11:19:29,872 [Worker-21: Download sources and javadoc] INFO  o.e.m.c.i.e.AbstractTransferListenerAdapter - Downloaded https://repo.maven.apache.org/maven2/org/eclipse/jetty/websocket/websocket-api/9.4.25.v20191220/websocket-api-9.4.25.v20191220-sources.jar
2020-08-28 11:19:29,990 [Worker-21: Download sources and javadoc] INFO  o.e.m.j.internal.DownloadSourcesJob - Downloaded sources for org.eclipse.jetty.websocket:websocket-api:9.4.25.v20191220
2020-08-28 11:19:30,520 [Worker-21: Download sources and javadoc] INFO  o.e.m.c.i.e.AbstractTransferListenerAdapter - Downloading https://repo.maven.apache.org/maven2/org/eclipse/jetty/websocket/websocket-client/9.4.25.v20191220/websocket-client-9.4.25.v20191220-sources.jar
2020-08-28 11:19:30,995 [Worker-21: Download sources and javadoc] INFO  o.e.m.c.i.e.AbstractTransferListenerAdapter - Downloaded https://repo.maven.apache.org/maven2/org/eclipse/jetty/websocket/websocket-client/9.4.25.v20191220/websocket-client-9.4.25.v20191220-sources.jar
2020-08-28 11:19:31,128 [Worker-21: Download sources and javadoc] INFO  o.e.m.j.internal.DownloadSourcesJob - Downloaded sources for org.eclipse.jetty.websocket:websocket-client:9.4.25.v20191220
2020-08-28 11:19:31,681 [Worker-21: Download sources and javadoc] INFO  o.e.m.c.i.e.AbstractTransferListenerAdapter - Downloading https://repo.maven.apache.org/maven2/org/eclipse/jetty/jetty-client/9.4.25.v20191220/jetty-client-9.4.25.v20191220-sources.jar
2020-08-28 11:19:32,435 [Worker-21: Download sources and javadoc] INFO  o.e.m.c.i.e.AbstractTransferListenerAdapter - Downloaded https://repo.maven.apache.org/maven2/org/eclipse/jetty/jetty-client/9.4.25.v20191220/jetty-client-9.4.25.v20191220-sources.jar
2020-08-28 11:19:32,562 [Worker-21: Download sources and javadoc] INFO  o.e.m.j.internal.DownloadSourcesJob - Downloaded sources for org.eclipse.jetty:jetty-client:9.4.25.v20191220
2020-08-28 11:19:33,111 [Worker-21: Download sources and javadoc] INFO  o.e.m.c.i.e.AbstractTransferListenerAdapter - Downloading https://repo.maven.apache.org/maven2/org/eclipse/jetty/websocket/websocket-servlet/9.4.25.v20191220/websocket-servlet-9.4.25.v20191220-sources.jar
2020-08-28 11:19:33,513 [Worker-21: Download sources and javadoc] INFO  o.e.m.c.i.e.AbstractTransferListenerAdapter - Downloaded https://repo.maven.apache.org/maven2/org/eclipse/jetty/websocket/websocket-servlet/9.4.25.v20191220/websocket-servlet-9.4.25.v20191220-sources.jar
2020-08-28 11:19:33,664 [Worker-21: Download sources and javadoc] INFO  o.e.m.j.internal.DownloadSourcesJob - Downloaded sources for org.eclipse.jetty.websocket:websocket-servlet:9.4.25.v20191220
2020-08-28 11:19:33,680 [Worker-21: Download sources and javadoc] INFO  o.e.m.j.internal.DownloadSourcesJob - Downloaded sources for io.javalin:javalin:3.8.0
2020-08-28 11:19:33,696 [Worker-21: Download sources and javadoc] INFO  o.e.m.j.internal.DownloadSourcesJob - Downloaded sources for org.jetbrains.kotlin:kotlin-stdlib-jdk8:1.3.61
2020-08-28 11:19:33,710 [Worker-21: Download sources and javadoc] INFO  o.e.m.j.internal.DownloadSourcesJob - Downloaded sources for org.jetbrains.kotlin:kotlin-stdlib:1.3.61
2020-08-28 11:19:33,727 [Worker-21: Download sources and javadoc] INFO  o.e.m.j.internal.DownloadSourcesJob - Downloaded sources for org.jetbrains.kotlin:kotlin-stdlib-common:1.3.61
2020-08-28 11:19:33,742 [Worker-21: Download sources and javadoc] INFO  o.e.m.j.internal.DownloadSourcesJob - Downloaded sources for org.jetbrains.kotlin:kotlin-stdlib-jdk7:1.3.61
2020-08-28 11:19:33,759 [Worker-21: Download sources and javadoc] INFO  o.e.m.j.internal.DownloadSourcesJob - Downloaded sources for org.slf4j:slf4j-api:1.7.28
2020-08-28 11:19:33,774 [Worker-21: Download sources and javadoc] INFO  o.e.m.j.internal.DownloadSourcesJob - Downloaded sources for org.eclipse.jetty:jetty-server:9.4.25.v20191220
2020-08-28 11:19:33,786 [Worker-21: Download sources and javadoc] INFO  o.e.m.j.internal.DownloadSourcesJob - Downloaded sources for org.eclipse.jetty:jetty-http:9.4.25.v20191220
2020-08-28 11:19:33,798 [Worker-21: Download sources and javadoc] INFO  o.e.m.j.internal.DownloadSourcesJob - Downloaded sources for org.eclipse.jetty:jetty-util:9.4.25.v20191220
2020-08-28 11:19:33,809 [Worker-21: Download sources and javadoc] INFO  o.e.m.j.internal.DownloadSourcesJob - Downloaded sources for org.eclipse.jetty:jetty-io:9.4.25.v20191220
2020-08-28 11:19:33,821 [Worker-21: Download sources and javadoc] INFO  o.e.m.j.internal.DownloadSourcesJob - Downloaded sources for org.eclipse.jetty:jetty-webapp:9.4.25.v20191220
2020-08-28 11:19:33,833 [Worker-21: Download sources and javadoc] INFO  o.e.m.j.internal.DownloadSourcesJob - Downloaded sources for org.eclipse.jetty:jetty-xml:9.4.25.v20191220
2020-08-28 11:19:33,844 [Worker-21: Download sources and javadoc] INFO  o.e.m.j.internal.DownloadSourcesJob - Downloaded sources for org.eclipse.jetty:jetty-servlet:9.4.25.v20191220
2020-08-28 11:19:33,857 [Worker-21: Download sources and javadoc] INFO  o.e.m.j.internal.DownloadSourcesJob - Downloaded sources for org.eclipse.jetty:jetty-security:9.4.25.v20191220
2020-08-28 11:19:33,869 [Worker-21: Download sources and javadoc] INFO  o.e.m.j.internal.DownloadSourcesJob - Downloaded sources for org.eclipse.jetty.websocket:websocket-server:9.4.25.v20191220
2020-08-28 11:19:33,886 [Worker-21: Download sources and javadoc] INFO  o.e.m.j.internal.DownloadSourcesJob - Downloaded sources for org.eclipse.jetty.websocket:websocket-common:9.4.25.v20191220
2020-08-28 11:19:33,898 [Worker-21: Download sources and javadoc] INFO  o.e.m.j.internal.DownloadSourcesJob - Downloaded sources for org.eclipse.jetty.websocket:websocket-api:9.4.25.v20191220
2020-08-28 11:19:33,910 [Worker-21: Download sources and javadoc] INFO  o.e.m.j.internal.DownloadSourcesJob - Downloaded sources for org.eclipse.jetty.websocket:websocket-client:9.4.25.v20191220
2020-08-28 11:19:33,921 [Worker-21: Download sources and javadoc] INFO  o.e.m.j.internal.DownloadSourcesJob - Downloaded sources for org.eclipse.jetty:jetty-client:9.4.25.v20191220
2020-08-28 11:19:33,935 [Worker-21: Download sources and javadoc] INFO  o.e.m.j.internal.DownloadSourcesJob - Downloaded sources for org.eclipse.jetty.websocket:websocket-servlet:9.4.25.v20191220
2020-08-28 11:19:33,950 [Worker-21: Download sources and javadoc] INFO  o.e.m.j.internal.DownloadSourcesJob - Downloaded sources for org.jetbrains.kotlin:kotlin-stdlib-jdk8:1.3.61
2020-08-28 11:19:33,962 [Worker-21: Download sources and javadoc] INFO  o.e.m.j.internal.DownloadSourcesJob - Downloaded sources for org.jetbrains.kotlin:kotlin-stdlib:1.3.61
2020-08-28 11:19:33,974 [Worker-21: Download sources and javadoc] INFO  o.e.m.j.internal.DownloadSourcesJob - Downloaded sources for org.jetbrains.kotlin:kotlin-stdlib-common:1.3.61
2020-08-28 11:19:33,987 [Worker-21: Download sources and javadoc] INFO  o.e.m.j.internal.DownloadSourcesJob - Downloaded sources for org.jetbrains.kotlin:kotlin-stdlib-jdk7:1.3.61
2020-08-28 11:19:33,999 [Worker-21: Download sources and javadoc] INFO  o.e.m.j.internal.DownloadSourcesJob - Downloaded sources for org.slf4j:slf4j-api:1.7.28
2020-08-28 11:19:34,012 [Worker-21: Download sources and javadoc] INFO  o.e.m.j.internal.DownloadSourcesJob - Downloaded sources for org.eclipse.jetty:jetty-server:9.4.25.v20191220
2020-08-28 11:19:34,029 [Worker-21: Download sources and javadoc] INFO  o.e.m.j.internal.DownloadSourcesJob - Downloaded sources for org.eclipse.jetty:jetty-http:9.4.25.v20191220
2020-08-28 11:19:34,045 [Worker-21: Download sources and javadoc] INFO  o.e.m.j.internal.DownloadSourcesJob - Downloaded sources for org.eclipse.jetty:jetty-util:9.4.25.v20191220
2020-08-28 11:19:34,060 [Worker-21: Download sources and javadoc] INFO  o.e.m.j.internal.DownloadSourcesJob - Downloaded sources for org.eclipse.jetty:jetty-io:9.4.25.v20191220
2020-08-28 11:19:34,074 [Worker-21: Download sources and javadoc] INFO  o.e.m.j.internal.DownloadSourcesJob - Downloaded sources for org.eclipse.jetty:jetty-webapp:9.4.25.v20191220
2020-08-28 11:19:34,086 [Worker-21: Download sources and javadoc] INFO  o.e.m.j.internal.DownloadSourcesJob - Downloaded sources for org.eclipse.jetty:jetty-xml:9.4.25.v20191220
2020-08-28 11:19:34,101 [Worker-21: Download sources and javadoc] INFO  o.e.m.j.internal.DownloadSourcesJob - Downloaded sources for org.eclipse.jetty:jetty-servlet:9.4.25.v20191220
2020-08-28 11:19:34,116 [Worker-21: Download sources and javadoc] INFO  o.e.m.j.internal.DownloadSourcesJob - Downloaded sources for org.eclipse.jetty:jetty-security:9.4.25.v20191220
2020-08-28 11:19:34,129 [Worker-21: Download sources and javadoc] INFO  o.e.m.j.internal.DownloadSourcesJob - Downloaded sources for org.eclipse.jetty.websocket:websocket-server:9.4.25.v20191220
2020-08-28 11:19:34,143 [Worker-21: Download sources and javadoc] INFO  o.e.m.j.internal.DownloadSourcesJob - Downloaded sources for org.eclipse.jetty.websocket:websocket-common:9.4.25.v20191220
2020-08-28 11:19:34,156 [Worker-21: Download sources and javadoc] INFO  o.e.m.j.internal.DownloadSourcesJob - Downloaded sources for org.eclipse.jetty.websocket:websocket-api:9.4.25.v20191220
2020-08-28 11:19:34,170 [Worker-21: Download sources and javadoc] INFO  o.e.m.j.internal.DownloadSourcesJob - Downloaded sources for org.eclipse.jetty.websocket:websocket-client:9.4.25.v20191220
2020-08-28 11:19:34,183 [Worker-21: Download sources and javadoc] INFO  o.e.m.j.internal.DownloadSourcesJob - Downloaded sources for org.eclipse.jetty:jetty-client:9.4.25.v20191220
2020-08-28 11:19:34,195 [Worker-21: Download sources and javadoc] INFO  o.e.m.j.internal.DownloadSourcesJob - Downloaded sources for org.eclipse.jetty.websocket:websocket-servlet:9.4.25.v20191220
2020-08-28 11:19:34,208 [Worker-21: Download sources and javadoc] INFO  o.e.m.j.internal.DownloadSourcesJob - Downloaded sources for org.eclipse.jetty:jetty-servlet:9.4.25.v20191220
2020-08-28 11:19:34,220 [Worker-21: Download sources and javadoc] INFO  o.e.m.j.internal.DownloadSourcesJob - Downloaded sources for org.eclipse.jetty:jetty-security:9.4.25.v20191220
2020-08-28 11:19:34,234 [Worker-21: Download sources and javadoc] INFO  o.e.m.j.internal.DownloadSourcesJob - Downloaded sources for org.eclipse.jetty.websocket:websocket-server:9.4.25.v20191220
2020-08-28 11:19:34,249 [Worker-21: Download sources and javadoc] INFO  o.e.m.j.internal.DownloadSourcesJob - Downloaded sources for org.eclipse.jetty.websocket:websocket-common:9.4.25.v20191220
2020-08-28 11:19:34,260 [Worker-21: Download sources and javadoc] INFO  o.e.m.j.internal.DownloadSourcesJob - Downloaded sources for org.eclipse.jetty.websocket:websocket-api:9.4.25.v20191220
2020-08-28 11:19:34,271 [Worker-21: Download sources and javadoc] INFO  o.e.m.j.internal.DownloadSourcesJob - Downloaded sources for org.eclipse.jetty.websocket:websocket-client:9.4.25.v20191220
2020-08-28 11:19:34,283 [Worker-21: Download sources and javadoc] INFO  o.e.m.j.internal.DownloadSourcesJob - Downloaded sources for org.eclipse.jetty:jetty-client:9.4.25.v20191220
2020-08-28 11:19:34,294 [Worker-21: Download sources and javadoc] INFO  o.e.m.j.internal.DownloadSourcesJob - Downloaded sources for org.eclipse.jetty.websocket:websocket-servlet:9.4.25.v20191220
2020-08-28 11:19:34,613 [Worker-7: Building] INFO  o.e.m.c.i.embedder.EclipseLogger - Using 'UTF-8' encoding to copy filtered resources.
2020-08-28 11:19:34,614 [Worker-7: Building] INFO  o.e.m.c.i.embedder.EclipseLogger - Copying 0 resource
2020-08-28 11:19:34,616 [Worker-7: Building] INFO  o.e.m.c.i.embedder.EclipseLogger - Using 'UTF-8' encoding to copy filtered resources.
2020-08-28 11:19:34,616 [Worker-7: Building] INFO  o.e.m.c.i.embedder.EclipseLogger - Copying 0 resource
2020-08-28 11:19:46,435 [Worker-16: Updating Maven Project] INFO  o.e.m.c.i.p.ProjectConfigurationManager - Update started
2020-08-28 11:19:47,041 [Worker-16: Updating Maven Project] INFO  o.e.m.c.i.l.LifecycleMappingFactory - Using org.eclipse.m2e.jdt.JarLifecycleMapping lifecycle mapping for MavenProject: kompetenznachweis:m154-crm-maven-web:0.0.1-SNAPSHOT @ C:\Users\Matus\Desktop\Kompetenznachweis\workspace_M154_knw\m154-crm-maven-web\pom.xml.
2020-08-28 11:19:47,519 [Worker-16: Updating Maven Project] INFO  o.e.m.j.i.AbstractJavaProjectConfigurator - Adding source folder /m154-crm-maven-web/src/main/java
2020-08-28 11:19:47,520 [Worker-16: Updating Maven Project] INFO  o.e.m.j.i.AbstractJavaProjectConfigurator - Adding resource folder /m154-crm-maven-web/src/main/resources
2020-08-28 11:19:47,521 [Worker-16: Updating Maven Project] INFO  o.e.m.j.i.AbstractJavaProjectConfigurator - Adding source folder /m154-crm-maven-web/src/test/java
2020-08-28 11:19:47,521 [Worker-16: Updating Maven Project] INFO  o.e.m.j.i.AbstractJavaProjectConfigurator - Adding resource folder /m154-crm-maven-web/src/test/resources
2020-08-28 11:19:47,835 [Worker-16: Updating Maven Project] INFO  o.e.m.c.i.p.ProjectConfigurationManager - Update completed: 1 sec
2020-08-28 11:19:48,318 [Worker-22: Building] INFO  o.e.m.c.i.embedder.EclipseLogger - Using 'UTF-8' encoding to copy filtered resources.
2020-08-28 11:19:48,319 [Worker-22: Building] INFO  o.e.m.c.i.embedder.EclipseLogger - Copying 0 resource
2020-08-28 11:19:48,322 [Worker-22: Building] INFO  o.e.m.c.i.embedder.EclipseLogger - Using 'UTF-8' encoding to copy filtered resources.
2020-08-28 11:19:48,323 [Worker-22: Building] INFO  o.e.m.c.i.embedder.EclipseLogger - Copying 0 resource
2020-08-28 11:20:02,131 [Worker-24: Launching Executing install in C__Users_Matus_Desktop_Kompetenznachweis_workspace_M154_knw_m154-crm-maven-web] INFO  o.e.m.i.launch.MavenLaunchDelegate - C:\Users\Matus\Desktop\Kompetenznachweis\workspace_M154_knw\m154-crm-maven-web
2020-08-28 11:20:02,131 [Worker-24: Launching Executing install in C__Users_Matus_Desktop_Kompetenznachweis_workspace_M154_knw_m154-crm-maven-web] INFO  o.e.m.i.launch.MavenLaunchDelegate -  mvn -B install
2020-08-28 11:20:09,250 [Worker-7: Building] INFO  o.e.m.c.i.embedder.EclipseLogger - Using 'UTF-8' encoding to copy filtered resources.
2020-08-28 11:20:09,252 [Worker-7: Building] INFO  o.e.m.c.i.embedder.EclipseLogger - Copying 0 resource
2020-08-28 11:20:09,255 [Worker-7: Building] INFO  o.e.m.c.i.embedder.EclipseLogger - Using 'UTF-8' encoding to copy filtered resources.
2020-08-28 11:20:09,256 [Worker-7: Building] INFO  o.e.m.c.i.embedder.EclipseLogger - Copying 0 resource
2020-08-28 11:20:20,908 [Worker-8: Launching Executing clean in C__Users_Matus_Desktop_Kompetenznachweis_workspace_M154_knw_m154-crm-maven-web] INFO  o.e.m.i.launch.MavenLaunchDelegate - C:\Users\Matus\Desktop\Kompetenznachweis\workspace_M154_knw\m154-crm-maven-web
2020-08-28 11:20:20,908 [Worker-8: Launching Executing clean in C__Users_Matus_Desktop_Kompetenznachweis_workspace_M154_knw_m154-crm-maven-web] INFO  o.e.m.i.launch.MavenLaunchDelegate -  mvn -B clean
2020-08-28 11:20:24,759 [Worker-24: Building] INFO  o.e.m.c.i.embedder.EclipseLogger - Using 'UTF-8' encoding to copy filtered resources.
2020-08-28 11:20:24,761 [Worker-24: Building] INFO  o.e.m.c.i.embedder.EclipseLogger - Copying 0 resource
2020-08-28 11:20:24,763 [Worker-24: Building] INFO  o.e.m.c.i.embedder.EclipseLogger - Using 'UTF-8' encoding to copy filtered resources.
2020-08-28 11:20:24,764 [Worker-24: Building] INFO  o.e.m.c.i.embedder.EclipseLogger - Copying 0 resource
2020-08-28 11:20:35,327 [Worker-16: Updating Maven Project] INFO  o.e.m.c.i.p.ProjectConfigurationManager - Update started
2020-08-28 11:20:35,991 [Worker-16: Updating Maven Project] INFO  o.e.m.c.i.l.LifecycleMappingFactory - Using org.eclipse.m2e.jdt.JarLifecycleMapping lifecycle mapping for MavenProject: kompetenznachweis:m154-crm-maven-web:0.0.1-SNAPSHOT @ C:\Users\Matus\Desktop\Kompetenznachweis\workspace_M154_knw\m154-crm-maven-web\pom.xml.
2020-08-28 11:20:36,700 [Worker-16: Updating Maven Project] INFO  o.e.m.j.i.AbstractJavaProjectConfigurator - Adding source folder /m154-crm-maven-web/src/main/java
2020-08-28 11:20:36,701 [Worker-16: Updating Maven Project] INFO  o.e.m.j.i.AbstractJavaProjectConfigurator - Adding resource folder /m154-crm-maven-web/src/main/resources
2020-08-28 11:20:36,702 [Worker-16: Updating Maven Project] INFO  o.e.m.j.i.AbstractJavaProjectConfigurator - Adding source folder /m154-crm-maven-web/src/test/java
2020-08-28 11:20:36,702 [Worker-16: Updating Maven Project] INFO  o.e.m.j.i.AbstractJavaProjectConfigurator - Adding resource folder /m154-crm-maven-web/src/test/resources
2020-08-28 11:20:36,954 [Worker-16: Updating Maven Project] INFO  o.e.m.c.i.p.ProjectConfigurationManager - Update completed: 1 sec
2020-08-28 11:20:37,748 [Worker-22: Building] INFO  o.e.m.c.i.embedder.EclipseLogger - Using 'UTF-8' encoding to copy filtered resources.
2020-08-28 11:20:37,749 [Worker-22: Building] INFO  o.e.m.c.i.embedder.EclipseLogger - Copying 0 resource
2020-08-28 11:20:37,753 [Worker-22: Building] INFO  o.e.m.c.i.embedder.EclipseLogger - Using 'UTF-8' encoding to copy filtered resources.
